<?xml version="1.0" encoding="utf-8"?><testsuites name="pytest tests"><testsuite name="pytest" errors="0" failures="0" skipped="0" tests="13" time="2.823" timestamp="2026-02-05T06:34:12.166695+00:00" hostname="agent-env-e00ae154-22c3-444d-b97a-9a580a8ccbe3"><testcase classname="backend.tests.test_groups_payments_phase7.TestGroupsEndpoints" name="test_get_groups_returns_list" time="0.413" /><testcase classname="backend.tests.test_groups_payments_phase7.TestGroupsEndpoints" name="test_create_group_admin_only" time="0.057" /><testcase classname="backend.tests.test_groups_payments_phase7.TestGroupsEndpoints" name="test_create_group_duplicate_name_fails" time="0.093" /><testcase classname="backend.tests.test_groups_payments_phase7.TestGroupsEndpoints" name="test_update_group_admin_only" time="0.085" /><testcase classname="backend.tests.test_groups_payments_phase7.TestGroupsEndpoints" name="test_delete_group_without_clients" time="0.088" /><testcase classname="backend.tests.test_groups_payments_phase7.TestGroupsEndpoints" name="test_delete_group_with_clients_fails" time="0.208" /><testcase classname="backend.tests.test_groups_payments_phase7.TestPaymentUpdate" name="test_create_payment_with_comment" time="0.340" /><testcase classname="backend.tests.test_groups_payments_phase7.TestPaymentUpdate" name="test_update_payment_all_fields" time="0.082" /><testcase classname="backend.tests.test_groups_payments_phase7.TestPaymentUpdate" name="test_update_payment_negative_amount_fails" time="0.076" /><testcase classname="backend.tests.test_groups_payments_phase7.TestPaymentUpdate" name="test_update_payment_logs_activity" time="0.110" /><testcase classname="backend.tests.test_groups_payments_phase7.TestClientGroupFilter" name="test_get_clients_with_group_filter" time="0.461" /><testcase classname="backend.tests.test_groups_payments_phase7.TestClientGroupFilter" name="test_client_includes_group_info" time="0.194" /><testcase classname="backend.tests.test_groups_payments_phase7.TestCleanup" name="test_cleanup_test_data" time="0.530" /></testsuite></testsuites>