<?xml version="1.0" encoding="utf-8"?><testsuites name="pytest tests"><testsuite name="pytest" errors="0" failures="0" skipped="0" tests="10" time="0.960" timestamp="2026-02-05T12:59:07.505218+00:00" hostname="agent-env-b5f6bafd-6e54-4e85-8e81-dded481102a7"><testcase classname="backend.tests.test_audio_streaming.TestAudioListing" name="test_get_audio_files_for_client" time="0.383" /><testcase classname="backend.tests.test_audio_streaming.TestAudioListing" name="test_get_audio_files_requires_auth" time="0.042" /><testcase classname="backend.tests.test_audio_streaming.TestAudioStreaming" name="test_stream_audio_with_token" time="0.046" /><testcase classname="backend.tests.test_audio_streaming.TestAudioStreaming" name="test_stream_audio_without_token_fails" time="0.039" /><testcase classname="backend.tests.test_audio_streaming.TestAudioStreaming" name="test_stream_audio_with_invalid_token_fails" time="0.042" /><testcase classname="backend.tests.test_audio_streaming.TestAudioStreaming" name="test_stream_nonexistent_audio_returns_404" time="0.037" /><testcase classname="backend.tests.test_audio_streaming.TestAudioUpload" name="test_upload_audio_file" time="0.052" /><testcase classname="backend.tests.test_audio_streaming.TestAudioUpload" name="test_upload_invalid_file_type_fails" time="0.045" /><testcase classname="backend.tests.test_audio_streaming.TestAudioDelete" name="test_delete_audio_file" time="0.119" /><testcase classname="backend.tests.test_audio_streaming.TestAudioDelete" name="test_delete_nonexistent_audio_returns_404" time="0.040" /></testsuite></testsuites>