<?xml version="1.0" encoding="utf-8"?><testsuites name="pytest tests"><testsuite name="pytest" errors="0" failures="0" skipped="0" tests="12" time="2.306" timestamp="2026-02-05T05:54:39.453310+00:00" hostname="agent-env-e00ae154-22c3-444d-b97a-9a580a8ccbe3"><testcase classname="backend.tests.test_import_phase3.TestImportPreview" name="test_import_preview_valid_csv" time="0.362" /><testcase classname="backend.tests.test_import_phase3.TestImportPreview" name="test_import_preview_detects_duplicates" time="0.202" /><testcase classname="backend.tests.test_import_phase3.TestImportPreview" name="test_import_preview_missing_required_fields" time="0.044" /><testcase classname="backend.tests.test_import_phase3.TestImportPreview" name="test_import_preview_normalizes_status" time="0.042" /><testcase classname="backend.tests.test_import_phase3.TestImportPreview" name="test_import_preview_requires_auth" time="0.039" /><testcase classname="backend.tests.test_import_phase3.TestImportSave" name="test_import_save_valid_rows" time="0.240" /><testcase classname="backend.tests.test_import_phase3.TestImportSave" name="test_import_save_skips_duplicates" time="0.213" /><testcase classname="backend.tests.test_import_phase3.TestImportSave" name="test_import_save_empty_list" time="0.044" /><testcase classname="backend.tests.test_import_phase3.TestImportSave" name="test_import_save_requires_auth" time="0.037" /><testcase classname="backend.tests.test_import_phase3.TestImportIntegration" name="test_full_import_flow" time="0.230" /><testcase classname="backend.tests.test_import_phase3.TestImportAccessControl" name="test_manager_can_preview" time="0.594" /><testcase classname="backend.tests.test_import_phase3.TestImportAccessControl" name="test_manager_can_save" time="0.187" /></testsuite></testsuites>