<?xml version="1.0" encoding="utf-8"?><testsuites name="pytest tests"><testsuite name="pytest" errors="0" failures="0" skipped="0" tests="9" time="3.702" timestamp="2026-02-05T05:28:11.793722+00:00" hostname="agent-env-e00ae154-22c3-444d-b97a-9a580a8ccbe3"><testcase classname="backend.tests.test_client_creation_phase3.TestClientCreationPhase3" name="test_create_client_basic_without_optional_fields" time="0.356" /><testcase classname="backend.tests.test_client_creation_phase3.TestClientCreationPhase3" name="test_create_client_with_initial_comment" time="0.383" /><testcase classname="backend.tests.test_client_creation_phase3.TestClientCreationPhase3" name="test_create_client_with_reminder" time="0.458" /><testcase classname="backend.tests.test_client_creation_phase3.TestClientCreationPhase3" name="test_create_client_with_comment_and_reminder" time="0.452" /><testcase classname="backend.tests.test_client_creation_phase3.TestClientCreationPhase3" name="test_create_client_with_tariff" time="0.404" /><testcase classname="backend.tests.test_client_creation_phase3.TestClientCreationPhase3" name="test_create_client_with_all_fields" time="0.405" /><testcase classname="backend.tests.test_client_creation_phase3.TestClientCreationPhase3" name="test_create_client_reminder_without_text_ignored" time="0.410" /><testcase classname="backend.tests.test_client_creation_phase3.TestClientCreationPhase3" name="test_create_client_empty_comment_not_saved" time="0.377" /><testcase classname="backend.tests.test_client_creation_phase3.TestClientUpdateDoesNotHaveCommentReminder" name="test_update_client_does_not_accept_initial_comment" time="0.406" /></testsuite></testsuites>