<?xml version="1.0" encoding="utf-8"?><testsuites name="pytest tests"><testsuite name="pytest" errors="0" failures="0" skipped="0" tests="18" time="2.480" timestamp="2026-02-05T05:32:34.019498+00:00" hostname="agent-env-e00ae154-22c3-444d-b97a-9a580a8ccbe3"><testcase classname="backend.tests.test_tariff_settings_phase3.TestTariffEndpoints" name="test_get_tariffs_as_admin" time="0.366" /><testcase classname="backend.tests.test_tariff_settings_phase3.TestTariffEndpoints" name="test_create_tariff_as_admin" time="0.044" /><testcase classname="backend.tests.test_tariff_settings_phase3.TestTariffEndpoints" name="test_create_tariff_with_uzs_currency" time="0.041" /><testcase classname="backend.tests.test_tariff_settings_phase3.TestTariffEndpoints" name="test_create_tariff_without_description" time="0.039" /><testcase classname="backend.tests.test_tariff_settings_phase3.TestTariffEndpoints" name="test_create_tariff_as_manager_fails" time="0.565" /><testcase classname="backend.tests.test_tariff_settings_phase3.TestTariffEndpoints" name="test_update_tariff_as_admin" time="0.080" /><testcase classname="backend.tests.test_tariff_settings_phase3.TestTariffEndpoints" name="test_update_tariff_as_manager_fails" time="0.117" /><testcase classname="backend.tests.test_tariff_settings_phase3.TestTariffEndpoints" name="test_delete_tariff_as_admin" time="0.081" /><testcase classname="backend.tests.test_tariff_settings_phase3.TestTariffEndpoints" name="test_delete_tariff_in_use_fails" time="0.190" /><testcase classname="backend.tests.test_tariff_settings_phase3.TestTariffEndpoints" name="test_delete_tariff_as_manager_fails" time="0.067" /><testcase classname="backend.tests.test_tariff_settings_phase3.TestTariffEndpoints" name="test_get_tariffs_as_manager" time="0.286" /><testcase classname="backend.tests.test_tariff_settings_phase3.TestSettingsEndpoints" name="test_get_settings_as_admin" time="0.035" /><testcase classname="backend.tests.test_tariff_settings_phase3.TestSettingsEndpoints" name="test_update_currency_to_uzs" time="0.074" /><testcase classname="backend.tests.test_tariff_settings_phase3.TestSettingsEndpoints" name="test_update_currency_to_usd" time="0.080" /><testcase classname="backend.tests.test_tariff_settings_phase3.TestSettingsEndpoints" name="test_update_settings_as_manager_fails" time="0.039" /><testcase classname="backend.tests.test_tariff_settings_phase3.TestSettingsEndpoints" name="test_get_settings_as_manager" time="0.039" /><testcase classname="backend.tests.test_tariff_settings_phase3.TestSettingsEndpoints" name="test_dashboard_stats_includes_currency" time="0.041" /><testcase classname="backend.tests.test_tariff_settings_phase3.TestTariffIntegration" name="test_client_with_tariff_shows_tariff_info" time="0.222" /></testsuite></testsuites>