<?xml version="1.0" encoding="utf-8"?><testsuites name="pytest tests"><testsuite name="pytest" errors="0" failures="0" skipped="0" tests="23" time="8.739" timestamp="2026-02-05T06:19:57.765751+00:00" hostname="agent-env-e00ae154-22c3-444d-b97a-9a580a8ccbe3"><testcase classname="backend.tests.test_dashboard_phase6.TestDashboardEndpoints" name="test_dashboard_stats_returns_200" time="0.352" /><testcase classname="backend.tests.test_dashboard_phase6.TestDashboardEndpoints" name="test_dashboard_stats_structure" time="0.337" /><testcase classname="backend.tests.test_dashboard_phase6.TestDashboardEndpoints" name="test_dashboard_stats_requires_auth" time="0.341" /><testcase classname="backend.tests.test_dashboard_phase6.TestDashboardEndpoints" name="test_recent_clients_returns_200" time="0.302" /><testcase classname="backend.tests.test_dashboard_phase6.TestDashboardEndpoints" name="test_recent_clients_returns_list" time="0.338" /><testcase classname="backend.tests.test_dashboard_phase6.TestDashboardEndpoints" name="test_recent_clients_structure" time="0.304" /><testcase classname="backend.tests.test_dashboard_phase6.TestDashboardEndpoints" name="test_recent_notes_returns_200" time="0.300" /><testcase classname="backend.tests.test_dashboard_phase6.TestDashboardEndpoints" name="test_recent_notes_returns_list" time="0.311" /><testcase classname="backend.tests.test_dashboard_phase6.TestDashboardEndpoints" name="test_manager_stats_returns_200" time="0.349" /><testcase classname="backend.tests.test_dashboard_phase6.TestDashboardEndpoints" name="test_manager_stats_returns_list" time="0.304" /><testcase classname="backend.tests.test_dashboard_phase6.TestDashboardEndpoints" name="test_manager_stats_structure" time="0.298" /><testcase classname="backend.tests.test_dashboard_phase6.TestDashboardEndpoints" name="test_analytics_returns_200" time="0.301" /><testcase classname="backend.tests.test_dashboard_phase6.TestDashboardEndpoints" name="test_analytics_structure" time="0.302" /><testcase classname="backend.tests.test_dashboard_phase6.TestDashboardEndpoints" name="test_analytics_monthly_data_structure" time="0.304" /><testcase classname="backend.tests.test_dashboard_phase6.TestDashboardEndpoints" name="test_analytics_tariff_stats_structure" time="0.350" /><testcase classname="backend.tests.test_dashboard_phase6.TestDashboardEndpoints" name="test_analytics_with_months_param" time="0.316" /><testcase classname="backend.tests.test_dashboard_phase6.TestDashboardEndpoints" name="test_overdue_reminders_returns_200" time="0.300" /><testcase classname="backend.tests.test_dashboard_phase6.TestDashboardEndpoints" name="test_overdue_reminders_returns_list" time="0.295" /><testcase classname="backend.tests.test_dashboard_phase6.TestDashboardNonAdminAccess" name="test_manager_can_access_dashboard_stats" time="0.592" /><testcase classname="backend.tests.test_dashboard_phase6.TestDashboardNonAdminAccess" name="test_manager_cannot_access_manager_stats" time="0.590" /><testcase classname="backend.tests.test_dashboard_phase6.TestDashboardNonAdminAccess" name="test_manager_cannot_access_analytics" time="0.588" /><testcase classname="backend.tests.test_dashboard_phase6.TestDashboardNonAdminAccess" name="test_manager_can_access_recent_clients" time="0.596" /><testcase classname="backend.tests.test_dashboard_phase6.TestDashboardNonAdminAccess" name="test_manager_can_access_recent_notes" time="0.598" /></testsuite></testsuites>