<?xml version="1.0" encoding="utf-8"?><testsuites name="pytest tests"><testsuite name="pytest" errors="0" failures="0" skipped="0" tests="33" time="74.825" timestamp="2026-02-11T07:19:04.824789+00:00" hostname="agent-env-fcef41a6-21dc-4995-9a2c-39f4671216b3"><testcase classname="tests.test_supabase_migration.TestAuthEndpoints" name="test_login_success" time="0.672" /><testcase classname="tests.test_supabase_migration.TestAuthEndpoints" name="test_login_invalid_credentials" time="0.301" /><testcase classname="tests.test_supabase_migration.TestAuthEndpoints" name="test_get_me_authenticated" time="0.825" /><testcase classname="tests.test_supabase_migration.TestAuthEndpoints" name="test_get_me_unauthenticated" time="0.038" /><testcase classname="tests.test_supabase_migration.TestDashboardEndpoints" name="test_dashboard_stats" time="1.876" /><testcase classname="tests.test_supabase_migration.TestDashboardEndpoints" name="test_dashboard_recent_clients" time="1.092" /><testcase classname="tests.test_supabase_migration.TestDashboardEndpoints" name="test_dashboard_recent_notes" time="1.385" /><testcase classname="tests.test_supabase_migration.TestDashboardEndpoints" name="test_dashboard_manager_stats" time="1.616" /><testcase classname="tests.test_supabase_migration.TestDashboardEndpoints" name="test_dashboard_analytics" time="1.873" /><testcase classname="tests.test_supabase_migration.TestClientsEndpoints" name="test_get_clients_list" time="1.868" /><testcase classname="tests.test_supabase_migration.TestClientsEndpoints" name="test_create_client" time="2.271" /><testcase classname="tests.test_supabase_migration.TestClientsEndpoints" name="test_get_client_by_id" time="2.437" /><testcase classname="tests.test_supabase_migration.TestClientsEndpoints" name="test_update_client_status" time="5.441" /><testcase classname="tests.test_supabase_migration.TestClientsEndpoints" name="test_filter_clients_by_status" time="1.886" /><testcase classname="tests.test_supabase_migration.TestNotesEndpoints" name="test_create_note" time="4.092" /><testcase classname="tests.test_supabase_migration.TestNotesEndpoints" name="test_get_notes_for_client" time="2.516" /><testcase classname="tests.test_supabase_migration.TestRemindersEndpoints" name="test_get_reminders" time="2.465" /><testcase classname="tests.test_supabase_migration.TestRemindersEndpoints" name="test_get_overdue_reminders" time="2.427" /><testcase classname="tests.test_supabase_migration.TestRemindersEndpoints" name="test_create_reminder" time="4.099" /><testcase classname="tests.test_supabase_migration.TestRemindersEndpoints" name="test_complete_reminder" time="5.160" /><testcase classname="tests.test_supabase_migration.TestPaymentsEndpoints" name="test_get_payments" time="2.454" /><testcase classname="tests.test_supabase_migration.TestPaymentsEndpoints" name="test_create_payment" time="4.091" /><testcase classname="tests.test_supabase_migration.TestPaymentsEndpoints" name="test_get_client_payments" time="2.458" /><testcase classname="tests.test_supabase_migration.TestPaymentsEndpoints" name="test_update_payment_status" time="5.423" /><testcase classname="tests.test_supabase_migration.TestTariffsEndpoints" name="test_get_tariffs" time="1.134" /><testcase classname="tests.test_supabase_migration.TestTariffsEndpoints" name="test_create_tariff" time="3.062" /><testcase classname="tests.test_supabase_migration.TestGroupsEndpoints" name="test_get_groups" time="1.084" /><testcase classname="tests.test_supabase_migration.TestGroupsEndpoints" name="test_create_group" time="3.278" /><testcase classname="tests.test_supabase_migration.TestStatusesEndpoints" name="test_get_statuses" time="1.097" /><testcase classname="tests.test_supabase_migration.TestSettingsEndpoints" name="test_get_settings" time="1.096" /><testcase classname="tests.test_supabase_migration.TestUsersEndpoints" name="test_get_users" time="1.094" /><testcase classname="tests.test_supabase_migration.TestActivityLogEndpoints" name="test_get_activity_log" time="1.129" /><testcase classname="tests.test_supabase_migration.TestDatabaseStatus" name="test_database_status" time="2.977" /></testsuite></testsuites>